This is pdfTeX, Version 3.141592653-2.6-1.40.26 (TeX Live 2024) (preloaded format=pdflatex 2025.1.24)  27 JAN 2025 16:57
entering extended mode
 \write18 enabled.
 file:line:error style messages enabled.
 %&-line parsing enabled.
**main.tex
(./main.tex
LaTeX2e <2024-11-01> patch level 1
L3 programming layer <2024-12-25>
(./thispreamble.tex (./mybookpreamble.tex
(c:/texlive/texmf-local/tex/latex/koma-script/scrbook.cls
Document Class: scrbook 2022/10/12 v3.38 KOMA-Script document class (book)
(c:/texlive/texmf-local/tex/latex/koma-script/scrkbase.sty
Package: scrkbase 2022/10/12 v3.38 KOMA-Script package (KOMA-Script-dependent b
asics and keyval usage)

(c:/texlive/texmf-local/tex/latex/koma-script/scrbase.sty
Package: scrbase 2022/10/12 v3.38 KOMA-Script package (KOMA-Script-independent 
basics and keyval usage)

(c:/texlive/texmf-local/tex/latex/koma-script/scrlfile.sty
Package: scrlfile 2022/10/12 v3.38 KOMA-Script package (file load hooks)

(c:/texlive/texmf-local/tex/latex/koma-script/scrlfile-hook.sty
Package: scrlfile-hook 2022/10/12 v3.38 KOMA-Script package (using LaTeX hooks)


(c:/texlive/texmf-local/tex/latex/koma-script/scrlogo.sty
Package: scrlogo 2022/10/12 v3.38 KOMA-Script package (logo)
)))
(c:/texlive/texmf-local/tex/latex/graphics/keyval.sty
Package: keyval 2022/05/29 v1.15 key=value parser (DPC)
\KV@toks@=\toks17
)
Applying: [2021/05/01] Usage of raw or classic option list on input line 252.
Already applied: [0000/00/00] Usage of raw or classic option list on input line
 368.
))
(c:/texlive/texmf-local/tex/latex/koma-script/tocbasic.sty
Package: tocbasic 2022/10/12 v3.38 KOMA-Script package (handling toc-files)
\scr@dte@tocline@numberwidth=\skip49
\scr@dte@tocline@numbox=\box52
)
Package tocbasic Info: omitting babel extension for `toc'
(tocbasic)             because of feature `nobabel' available
(tocbasic)             for `toc' on input line 137.
Class scrbook Info: You've used standard option `openany'.
(scrbook)           This is correct!
(scrbook)           Internally I'm using `open=any'.
(scrbook)           If you'd like to set the option with \KOMAoptions,
(scrbook)           you'd have to use `open=any' there
(scrbook)           instead of `openany', too.
Class scrbook Info: You've used standard option `oneside'.
(scrbook)           This is correct!
(scrbook)           Internally I'm using `twoside=false'.
(scrbook)           If you'd like to set the option with \KOMAoptions,
(scrbook)           you'd have to use `twoside=false' there
(scrbook)           instead of `oneside', too.
Package scrbook Info: You've used standard option `12pt'.
(scrbook)             This is correct!
(scrbook)             Internally I'm using `fontsize=12pt'.
(scrbook)             If you'd like to set the option with \KOMAoptions,
(scrbook)             you'd have to use `fontsize=12pt' there
(scrbook)             instead of `12pt', too.
Class scrbook Info: File `scrsize12pt.clo' used to setup font sizes on input li
ne 2617.

(c:/texlive/texmf-local/tex/latex/koma-script/scrsize12pt.clo
File: scrsize12pt.clo 2022/10/12 v3.38 KOMA-Script font size class option (12pt
)
)
(c:/texlive/texmf-local/tex/latex/koma-script/typearea.sty
Package: typearea 2022/10/12 v3.38 KOMA-Script package (type area)
\ta@bcor=\skip50
\ta@div=\count196
Package typearea Info: You've used standard option `a4paper'.
(typearea)             This is correct!
(typearea)             Internally I'm using `paper=a4'.
(typearea)             If you'd like to set the option with \KOMAoptions,
(typearea)             you'd have to use `paper=a4' there
(typearea)             instead of `a4paper', too.
Package typearea Info: You've used standard option `oneside'.
(typearea)             This is correct!
(typearea)             Internally I'm using `twoside=false'.
(typearea)             If you'd like to set the option with \KOMAoptions,
(typearea)             you'd have to use `twoside=false' there
(typearea)             instead of `oneside', too.
\ta@hblk=\skip51
\ta@vblk=\skip52
\ta@temp=\skip53
\footheight=\skip54
Package typearea Info: These are the values describing the layout:
(typearea)             DIV  = 12
(typearea)             BCOR = 0.0pt
(typearea)             \paperwidth      = 597.50793pt
(typearea)              \textwidth      = 448.13095pt
(typearea)              DIV departure   = -6%
(typearea)              \evensidemargin = 2.4185pt
(typearea)              \oddsidemargin  = 2.4185pt
(typearea)             \paperheight     = 845.04694pt
(typearea)              \textheight     = 548.5pt
(typearea)              \topmargin      = -1.84941pt
(typearea)              \headheight     = 18.125pt
(typearea)              \headsep        = 21.75pt
(typearea)              \topskip        = 12.0pt
(typearea)              \footskip       = 50.75pt
(typearea)              \baselineskip   = 14.5pt
(typearea)              on input line 1767.
)
\c@part=\count197
\c@chapter=\count198
\c@section=\count199
\c@subsection=\count266
\c@subsubsection=\count267
\c@paragraph=\count268
\c@subparagraph=\count269
\scr@dte@chapter@maxnumwidth=\skip55
Class scrbook Info: using compatibility default `afterindent=bysign'
(scrbook)           for `\chapter on input line 5898.
\scr@dte@section@maxnumwidth=\skip56
Class scrbook Info: using compatibility default `runin=bysign'
(scrbook)           for `\section on input line 5909.
Class scrbook Info: using compatibility default `afterindent=bysign'
(scrbook)           for `\section on input line 5909.
\scr@dte@part@maxnumwidth=\skip57
Class scrbook Info: using compatibility default `afterindent=true'
(scrbook)           for `\part on input line 5918.
\scr@dte@subsection@maxnumwidth=\skip58
Class scrbook Info: using compatibility default `runin=bysign'
(scrbook)           for `\subsection on input line 5928.
Class scrbook Info: using compatibility default `afterindent=bysign'
(scrbook)           for `\subsection on input line 5928.
\scr@dte@subsubsection@maxnumwidth=\skip59
Class scrbook Info: using compatibility default `runin=bysign'
(scrbook)           for `\subsubsection on input line 5938.
Class scrbook Info: using compatibility default `afterindent=bysign'
(scrbook)           for `\subsubsection on input line 5938.
\scr@dte@paragraph@maxnumwidth=\skip60
Class scrbook Info: using compatibility default `runin=bysign'
(scrbook)           for `\paragraph on input line 5949.
Class scrbook Info: using compatibility default `afterindent=bysign'
(scrbook)           for `\paragraph on input line 5949.
\scr@dte@subparagraph@maxnumwidth=\skip61
Class scrbook Info: using compatibility default `runin=bysign'
(scrbook)           for `\subparagraph on input line 5959.
Class scrbook Info: using compatibility default `afterindent=bysign'
(scrbook)           for `\subparagraph on input line 5959.
\abovecaptionskip=\skip62
\belowcaptionskip=\skip63
\c@pti@nb@sid@b@x=\box53
Package tocbasic Info: omitting babel extension for `lof'
(tocbasic)             because of feature `nobabel' available
(tocbasic)             for `lof' on input line 7142.
\scr@dte@figure@maxnumwidth=\skip64
\c@figure=\count270
Package tocbasic Info: omitting babel extension for `lot'
(tocbasic)             because of feature `nobabel' available
(tocbasic)             for `lot' on input line 7159.
\scr@dte@table@maxnumwidth=\skip65
\c@table=\count271
Class scrbook Info: Redefining `\numberline' on input line 7330.
\bibindent=\dimen141
) (./mybooktwo.sty
(./mymacro-new.sty (./useallpackages.tex
(c:/texlive/texmf-local/tex/latex/marginnote/marginnote.sty
Package: marginnote 2018/08/09 v1.4b non floating margin notes for LaTeX
\c@mn@abspage=\count272
)
(c:/texlive/texmf-local/tex/latex/setspace/setspace.sty
Package: setspace 2022/12/04 v6.7b set line spacing
)
(c:/texlive/texmf-local/tex/latex/amsmath/amsmath.sty
Package: amsmath 2022/04/08 v2.17n AMS math features
\@mathmargin=\skip66

For additional information on amsmath, use the `?' option.
(c:/texlive/texmf-local/tex/latex/amsmath/amstext.sty
Package: amstext 2021/08/26 v2.01 AMS text

(c:/texlive/texmf-local/tex/latex/amsmath/amsgen.sty
File: amsgen.sty 1999/11/30 v2.0 generic functions
\@emptytoks=\toks18
\ex@=\dimen142
))
(c:/texlive/texmf-local/tex/latex/amsmath/amsbsy.sty
Package: amsbsy 1999/11/29 v1.2d Bold Symbols
\pmbraise@=\dimen143
)
(c:/texlive/texmf-local/tex/latex/amsmath/amsopn.sty
Package: amsopn 2022/04/08 v2.04 operator names
)
\inf@bad=\count273
LaTeX Info: Redefining \frac on input line 234.
\uproot@=\count274
\leftroot@=\count275
LaTeX Info: Redefining \overline on input line 399.
LaTeX Info: Redefining \colon on input line 410.
\classnum@=\count276
\DOTSCASE@=\count277
LaTeX Info: Redefining \ldots on input line 496.
LaTeX Info: Redefining \dots on input line 499.
LaTeX Info: Redefining \cdots on input line 620.
\Mathstrutbox@=\box54
\strutbox@=\box55
LaTeX Info: Redefining \big on input line 722.
LaTeX Info: Redefining \Big on input line 723.
LaTeX Info: Redefining \bigg on input line 724.
LaTeX Info: Redefining \Bigg on input line 725.
\big@size=\dimen144
LaTeX Font Info:    Redeclaring font encoding OML on input line 743.
LaTeX Font Info:    Redeclaring font encoding OMS on input line 744.
\macc@depth=\count278
LaTeX Info: Redefining \bmod on input line 905.
LaTeX Info: Redefining \pmod on input line 910.
LaTeX Info: Redefining \smash on input line 940.
LaTeX Info: Redefining \relbar on input line 970.
LaTeX Info: Redefining \Relbar on input line 971.
\c@MaxMatrixCols=\count279
\dotsspace@=\muskip17
\c@parentequation=\count280
\dspbrk@lvl=\count281
\tag@help=\toks19
\row@=\count282
\column@=\count283
\maxfields@=\count284
\andhelp@=\toks20
\eqnshift@=\dimen145
\alignsep@=\dimen146
\tagshift@=\dimen147
\tagwidth@=\dimen148
\totwidth@=\dimen149
\lineht@=\dimen150
\@envbody=\toks21
\multlinegap=\skip67
\multlinetaggap=\skip68
\mathdisplay@stack=\toks22
LaTeX Info: Redefining \[ on input line 2953.
LaTeX Info: Redefining \] on input line 2954.
)
(c:/texlive/texmf-local/tex/latex/amsfonts/amssymb.sty
Package: amssymb 2013/01/14 v3.01 AMS font symbols

(c:/texlive/texmf-local/tex/latex/amsfonts/amsfonts.sty
Package: amsfonts 2013/01/14 v3.01 Basic AMSFonts support
\symAMSa=\mathgroup4
\symAMSb=\mathgroup5
LaTeX Font Info:    Redeclaring math symbol \hbar on input line 98.
LaTeX Font Info:    Overwriting math alphabet `\mathfrak' in version `bold'
(Font)                  U/euf/m/n --> U/euf/b/n on input line 106.
))
(c:/texlive/texmf-local/tex/latex/amscls/amsthm.sty
Package: amsthm 2020/05/29 v2.20.6
\thm@style=\toks23
\thm@bodyfont=\toks24
\thm@headfont=\toks25
\thm@notefont=\toks26
\thm@headpunct=\toks27
\thm@preskip=\skip69
\thm@postskip=\skip70
\thm@headsep=\skip71
\dth@everypar=\toks28
)
(c:/texlive/texmf-local/tex/latex/xpatch/xpatch.sty
(c:/texlive/texmf-local/tex/latex/l3kernel/expl3.sty
Package: expl3 2023-02-22 L3 programming layer (loader) 

(c:/texlive/texmf-local/tex/latex/l3backend/l3backend-pdftex.def
File: l3backend-pdftex.def 2023-01-16 L3 backend support: PDF output (pdfTeX)
\l__color_backend_stack_int=\count285
\l__pdf_internal_box=\box56
))
Package: xpatch 2020/03/25 v0.3a Extending etoolbox patching commands

(c:/texlive/texmf-local/tex/latex/l3packages/xparse/xparse.sty
Package: xparse 2023-02-02 L3 Experimental document command parser
)
(c:/texlive/texmf-local/tex/latex/etoolbox/etoolbox.sty
Package: etoolbox 2020/10/05 v2.5k e-TeX tools for LaTeX (JAW)
\etb@tempcnta=\count286
))
Class scrbook Info: amsthm's \deferred@thm@head patched.

(c:/texlive/texmf-local/tex/latex/mathtools/mathtools.sty
Package: mathtools 2022/06/29 v1.29 mathematical typesetting tools

(c:/texlive/texmf-local/tex/latex/tools/calc.sty
Package: calc 2017/05/25 v4.3 Infix arithmetic (KKT,FJ)
\calc@Acount=\count287
\calc@Bcount=\count288
\calc@Adimen=\dimen151
\calc@Bdimen=\dimen152
\calc@Askip=\skip72
\calc@Bskip=\skip73
LaTeX Info: Redefining \setlength on input line 80.
LaTeX Info: Redefining \addtolength on input line 81.
\calc@Ccount=\count289
\calc@Cskip=\skip74
)
(c:/texlive/texmf-local/tex/latex/mathtools/mhsetup.sty
Package: mhsetup 2021/03/18 v1.4 programming setup (MH)
)
\g_MT_multlinerow_int=\count290
\l_MT_multwidth_dim=\dimen153
\origjot=\skip75
\l_MT_shortvdotswithinadjustabove_dim=\dimen154
\l_MT_shortvdotswithinadjustbelow_dim=\dimen155
\l_MT_above_intertext_sep=\dimen156
\l_MT_below_intertext_sep=\dimen157
\l_MT_above_shortintertext_sep=\dimen158
\l_MT_below_shortintertext_sep=\dimen159
\xmathstrut@box=\box57
\xmathstrut@dim=\dimen160
)
(c:/texlive/texmf-local/tex/latex/lipsum/lipsum.sty
(c:/texlive/texmf-local/tex/latex/l3packages/l3keys2e/l3keys2e.sty
Package: l3keys2e 2023-02-02 LaTeX2e option processing using LaTeX3 keys
)
Package: lipsum 2021-09-20 v2.7 150 paragraphs of Lorem Ipsum dummy text
\g__lipsum_par_int=\count291
\l__lipsum_a_int=\count292
\l__lipsum_b_int=\count293

(c:/texlive/texmf-local/tex/latex/lipsum/lipsum.ltd.tex))
(c:/texlive/texmf-local/tex/latex/fancyvrb/fancyvrb.sty
Package: fancyvrb 2023/01/19 4.5a verbatim text (tvz,hv)
\FV@CodeLineNo=\count294
\FV@InFile=\read2
\FV@TabBox=\box58
\c@FancyVerbLine=\count295
\FV@StepNumber=\count296
\FV@OutFile=\write3
)

Class scrbook Warning: Usage of package `parskip' together
(scrbook)              with a KOMA-Script class is not recommended.
(scrbook)              I'd suggest to use option
(scrbook)              `parskip' with one of it's several values.
(scrbook)              Nevertheless, using requested
(scrbook)              package `parskip' on input line 28.

(c:/texlive/texmf-local/tex/latex/parskip/parskip.sty
Package: parskip 2021-03-14 v2.0h non-zero parskip adjustments

(c:/texlive/texmf-local/tex/latex/kvoptions/kvoptions.sty
Package: kvoptions 2022-06-15 v3.15 Key value format for package options (HO)

(c:/texlive/texmf-local/tex/generic/ltxcmds/ltxcmds.sty
Package: ltxcmds 2020-05-10 v1.25 LaTeX kernel commands for general use (HO)
)
(c:/texlive/texmf-local/tex/latex/kvsetkeys/kvsetkeys.sty
Package: kvsetkeys 2022-10-05 v1.19 Key value parser (HO)
))
Couldn't patch \@startsection
) (c:/texlive/texmf-local/tex/latex/lastpage/lastpage.sty
Package: lastpage 2023/03/07 v2.0a lastpage: 2.09 or 2e? (HMM)

(c:/texlive/texmf-local/tex/latex/lastpage/lastpage2e.sty
Package: lastpage2e 2023/03/07 v2.0a Decide which 2e lastpage version to use (H
MM)

(c:/texlive/texmf-local/tex/latex/lastpage/lastpagemodern.sty
Package: lastpagemodern 2023-03-07 v2.0a Refers to last page's name (HMM; JPG)
) 
)) (c:/texlive/texmf-local/tex/latex/tools/verbatim.sty
Package: verbatim 2022-07-02 v1.5u LaTeX2e package for verbatim enhancements
\every@verbatim=\toks29
\verbatim@line=\toks30
\verbatim@in@stream=\read3
)
(c:/texlive/texmf-local/tex/latex/boxedminipage/boxedminipage.sty
Package: boxedminipage 2020/04/19 v1.1 Boxed LaTeX2e minipages
\bmp@box=\box59
\bmp@width=\skip76
\bmp@height=\skip77
)
(c:/texlive/texmf-local/tex/latex/enumitem/enumitem.sty
Package: enumitem 2019/06/20 v3.9 Customized lists
\labelindent=\skip78
\enit@outerparindent=\dimen161
\enit@toks=\toks31
\enit@inbox=\box60
\enit@count@id=\count297
\enitdp@description=\count298
)
(c:/texlive/texmf-local/tex/latex/hyperref/hyperref.sty
Package: hyperref 2023-02-07 v7.00v Hypertext links for LaTeX

(c:/texlive/texmf-local/tex/generic/iftex/iftex.sty
Package: iftex 2022/02/03 v1.0f TeX engine tests
)
(c:/texlive/texmf-local/tex/generic/pdftexcmds/pdftexcmds.sty
Package: pdftexcmds 2020-06-27 v0.33 Utility functions of pdfTeX for LuaTeX (HO
)

(c:/texlive/texmf-local/tex/generic/infwarerr/infwarerr.sty
Package: infwarerr 2019/12/03 v1.5 Providing info/warning/error messages (HO)
)
Package pdftexcmds Info: \pdf@primitive is available.
Package pdftexcmds Info: \pdf@ifprimitive is available.
Package pdftexcmds Info: \pdfdraftmode found.
)
(c:/texlive/texmf-local/tex/generic/kvdefinekeys/kvdefinekeys.sty
Package: kvdefinekeys 2019-12-19 v1.6 Define keys (HO)
)
(c:/texlive/texmf-local/tex/generic/pdfescape/pdfescape.sty
Package: pdfescape 2019/12/09 v1.15 Implements pdfTeX's escape features (HO)
)
(c:/texlive/texmf-local/tex/latex/hycolor/hycolor.sty
Package: hycolor 2020-01-27 v1.10 Color options for hyperref/bookmark (HO)
)
(c:/texlive/texmf-local/tex/latex/letltxmacro/letltxmacro.sty
Package: letltxmacro 2019/12/03 v1.6 Let assignment for LaTeX macros (HO)
)
(c:/texlive/texmf-local/tex/latex/auxhook/auxhook.sty
Package: auxhook 2019-12-17 v1.6 Hooks for auxiliary files (HO)
)
(c:/texlive/texmf-local/tex/latex/hyperref/nameref.sty
Package: nameref 2022-05-17 v2.50 Cross-referencing by name of section

(c:/texlive/texmf-local/tex/latex/refcount/refcount.sty
Package: refcount 2019/12/15 v3.6 Data extraction from label references (HO)
)
(c:/texlive/texmf-local/tex/generic/gettitlestring/gettitlestring.sty
Package: gettitlestring 2019/12/15 v1.6 Cleanup title references (HO)
)
\c@section@level=\count299
)
\@linkdim=\dimen162
\Hy@linkcounter=\count300
\Hy@pagecounter=\count301

(c:/texlive/texmf-local/tex/latex/hyperref/pd1enc.def
File: pd1enc.def 2023-02-07 v7.00v Hyperref: PDFDocEncoding definition (HO)
Now handling font encoding PD1 ...
... no UTF-8 mapping file for font encoding PD1
)
(c:/texlive/texmf-local/tex/generic/intcalc/intcalc.sty
Package: intcalc 2019/12/15 v1.3 Expandable calculations with integers (HO)
)
(c:/texlive/texmf-local/tex/generic/etexcmds/etexcmds.sty
Package: etexcmds 2019/12/15 v1.7 Avoid name clashes with e-TeX commands (HO)
)
\Hy@SavedSpaceFactor=\count302

(c:/texlive/texmf-local/tex/latex/hyperref/puenc.def
File: puenc.def 2023-02-07 v7.00v Hyperref: PDF Unicode definition (HO)
Now handling font encoding PU ...
... no UTF-8 mapping file for font encoding PU
)
Package hyperref Info: Hyper figures OFF on input line 4177.
Package hyperref Info: Link nesting OFF on input line 4182.
Package hyperref Info: Hyper index ON on input line 4185.
Package hyperref Info: Plain pages OFF on input line 4192.
Package hyperref Info: Backreferencing OFF on input line 4197.
Package hyperref Info: Implicit mode ON; LaTeX internals redefined.
Package hyperref Info: Bookmarks ON on input line 4425.
\c@Hy@tempcnt=\count303

(c:/texlive/texmf-local/tex/latex/url/url.sty
\Urlmuskip=\muskip18
Package: url 2013/09/16  ver 3.4  Verb mode for urls, etc.
)
LaTeX Info: Redefining \url on input line 4763.
\XeTeXLinkMargin=\dimen163

(c:/texlive/texmf-local/tex/generic/bitset/bitset.sty
Package: bitset 2019/12/09 v1.3 Handle bit-vector datatype (HO)

(c:/texlive/texmf-local/tex/generic/bigintcalc/bigintcalc.sty
Package: bigintcalc 2019/12/15 v1.5 Expandable calculations on big integers (HO
)
))
\Fld@menulength=\count304
\Field@Width=\dimen164
\Fld@charsize=\dimen165
Package hyperref Info: Hyper figures OFF on input line 6042.
Package hyperref Info: Link nesting OFF on input line 6047.
Package hyperref Info: Hyper index ON on input line 6050.
Package hyperref Info: backreferencing OFF on input line 6057.
Package hyperref Info: Link coloring OFF on input line 6062.
Package hyperref Info: Link coloring with OCG OFF on input line 6067.
Package hyperref Info: PDF/A mode OFF on input line 6072.

(c:/texlive/texmf-local/tex/latex/base/atbegshi-ltx.sty
Package: atbegshi-ltx 2021/01/10 v1.0c Emulation of the original atbegshi
package with kernel methods
)
\Hy@abspage=\count305
\c@Item=\count306
\c@Hfootnote=\count307


LaTeX Warning: Command `\theHfootnote' already defined -- not changed on input 
line 7356.

)
Package hyperref Info: Driver (autodetected): hpdftex.
 (c:/texlive/texmf-local/tex/latex/hyperref/hpdftex.def
File: hpdftex.def 2023-02-07 v7.00v Hyperref driver for pdfTeX

(c:/texlive/texmf-local/tex/latex/base/atveryend-ltx.sty
Package: atveryend-ltx 2020/08/19 v1.0a Emulation of the original atveryend pac
kage
with kernel methods
)
\Fld@listcount=\count308
\c@bookmark@seq@number=\count309

(c:/texlive/texmf-local/tex/latex/rerunfilecheck/rerunfilecheck.sty
Package: rerunfilecheck 2022-07-10 v1.10 Rerun checks for auxiliary files (HO)

(c:/texlive/texmf-local/tex/generic/uniquecounter/uniquecounter.sty
Package: uniquecounter 2019/12/15 v1.4 Provide unlimited unique counter (HO)
)
Package uniquecounter Info: New unique counter `rerunfilecheck' on input line 2
85.
)
\Hy@SectionHShift=\skip79
)
(c:/texlive/texmf-local/tex/latex/base/makeidx.sty
Package: makeidx 2021/10/04 v1.0m Standard LaTeX package
)
\@indexfile=\write4
\openout4 = `main.idx'.


Writing index file main.idx
(c:/texlive/texmf-local/tex/latex/base/ifthen.sty
Package: ifthen 2022/04/13 v1.1d Standard LaTeX ifthen package (DPC)
)
(c:/texlive/texmf-local/tex/latex/graphics/color.sty
Package: color 2022/01/06 v1.3d Standard LaTeX Color (DPC)

(c:/texlive/texmf-local/tex/latex/graphics-cfg/color.cfg
File: color.cfg 2016/01/02 v1.6 sample color configuration
)
Package color Info: Driver file: pdftex.def on input line 149.

(c:/texlive/texmf-local/tex/latex/graphics-def/pdftex.def
File: pdftex.def 2022/09/22 v1.2b Graphics/color driver for pdftex
)
(c:/texlive/texmf-local/tex/latex/graphics/mathcolor.ltx))
(c:/texlive/texmf-local/tex/latex/graphics/graphicx.sty
Package: graphicx 2021/09/16 v1.2d Enhanced LaTeX Graphics (DPC,SPQR)

(c:/texlive/texmf-local/tex/latex/graphics/graphics.sty
Package: graphics 2022/03/10 v1.4e Standard LaTeX Graphics (DPC,SPQR)

(c:/texlive/texmf-local/tex/latex/graphics/trig.sty
Package: trig 2021/08/11 v1.11 sin cos tan (DPC)
)
(c:/texlive/texmf-local/tex/latex/graphics-cfg/graphics.cfg
File: graphics.cfg 2016/06/04 v1.11 sample graphics configuration
)
Package graphics Info: Driver file: pdftex.def on input line 107.
)
\Gin@req@height=\dimen166
\Gin@req@width=\dimen167
)
(c:/texlive/texmf-local/tex/latex/pgf/basiclayer/pgf.sty
(c:/texlive/texmf-local/tex/latex/pgf/utilities/pgfrcs.sty
(c:/texlive/texmf-local/tex/generic/pgf/utilities/pgfutil-common.tex
\pgfutil@everybye=\toks32
\pgfutil@tempdima=\dimen168
\pgfutil@tempdimb=\dimen169
)
(c:/texlive/texmf-local/tex/generic/pgf/utilities/pgfutil-latex.def
\pgfutil@abb=\box61
)
(c:/texlive/texmf-local/tex/generic/pgf/utilities/pgfrcs.code.tex
(c:/texlive/texmf-local/tex/generic/pgf/pgf.revision.tex)
Package: pgfrcs 2023-01-15 v3.1.10 (3.1.10)
))
Package: pgf 2023-01-15 v3.1.10 (3.1.10)

(c:/texlive/texmf-local/tex/latex/pgf/basiclayer/pgfcore.sty
(c:/texlive/texmf-local/tex/latex/pgf/systemlayer/pgfsys.sty
(c:/texlive/texmf-local/tex/generic/pgf/systemlayer/pgfsys.code.tex
Package: pgfsys 2023-01-15 v3.1.10 (3.1.10)

(c:/texlive/texmf-local/tex/generic/pgf/utilities/pgfkeys.code.tex
\pgfkeys@pathtoks=\toks33
\pgfkeys@temptoks=\toks34

(c:/texlive/texmf-local/tex/generic/pgf/utilities/pgfkeyslibraryfiltered.code.t
ex
\pgfkeys@tmptoks=\toks35
))
\pgf@x=\dimen170
\pgf@y=\dimen171
\pgf@xa=\dimen172
\pgf@ya=\dimen173
\pgf@xb=\dimen174
\pgf@yb=\dimen175
\pgf@xc=\dimen176
\pgf@yc=\dimen177
\pgf@xd=\dimen178
\pgf@yd=\dimen179
\w@pgf@writea=\write5
\r@pgf@reada=\read4
\c@pgf@counta=\count310
\c@pgf@countb=\count311
\c@pgf@countc=\count312
\c@pgf@countd=\count313
\t@pgf@toka=\toks36
\t@pgf@tokb=\toks37
\t@pgf@tokc=\toks38
\pgf@sys@id@count=\count314
 (c:/texlive/texmf-local/tex/generic/pgf/systemlayer/pgf.cfg
File: pgf.cfg 2023-01-15 v3.1.10 (3.1.10)
)
Driver file for pgf: pgfsys-pdftex.def

(c:/texlive/texmf-local/tex/generic/pgf/systemlayer/pgfsys-pdftex.def
File: pgfsys-pdftex.def 2023-01-15 v3.1.10 (3.1.10)

(c:/texlive/texmf-local/tex/generic/pgf/systemlayer/pgfsys-common-pdf.def
File: pgfsys-common-pdf.def 2023-01-15 v3.1.10 (3.1.10)
)))
(c:/texlive/texmf-local/tex/generic/pgf/systemlayer/pgfsyssoftpath.code.tex
File: pgfsyssoftpath.code.tex 2023-01-15 v3.1.10 (3.1.10)
\pgfsyssoftpath@smallbuffer@items=\count315
\pgfsyssoftpath@bigbuffer@items=\count316
)
(c:/texlive/texmf-local/tex/generic/pgf/systemlayer/pgfsysprotocol.code.tex
File: pgfsysprotocol.code.tex 2023-01-15 v3.1.10 (3.1.10)
))
(c:/texlive/texmf-local/tex/latex/xcolor/xcolor.sty
Package: xcolor 2022/06/12 v2.14 LaTeX color extensions (UK)

(c:/texlive/texmf-local/tex/latex/graphics-cfg/color.cfg
File: color.cfg 2016/01/02 v1.6 sample color configuration
)
Package xcolor Info: Driver file: pdftex.def on input line 227.
LaTeX Info: Redefining \color on input line 711.

(c:/texlive/texmf-local/tex/latex/graphics/mathcolor.ltx)
Package xcolor Info: Model `cmy' substituted by `cmy0' on input line 1353.
Package xcolor Info: Model `hsb' substituted by `rgb' on input line 1357.
Package xcolor Info: Model `RGB' extended on input line 1369.
Package xcolor Info: Model `HTML' substituted by `rgb' on input line 1371.
Package xcolor Info: Model `Hsb' substituted by `hsb' on input line 1372.
Package xcolor Info: Model `tHsb' substituted by `hsb' on input line 1373.
Package xcolor Info: Model `HSB' substituted by `hsb' on input line 1374.
Package xcolor Info: Model `Gray' substituted by `gray' on input line 1375.
Package xcolor Info: Model `wave' substituted by `hsb' on input line 1376.
)
(c:/texlive/texmf-local/tex/generic/pgf/basiclayer/pgfcore.code.tex
Package: pgfcore 2023-01-15 v3.1.10 (3.1.10)

(c:/texlive/texmf-local/tex/generic/pgf/math/pgfmath.code.tex
(c:/texlive/texmf-local/tex/generic/pgf/math/pgfmathutil.code.tex)
(c:/texlive/texmf-local/tex/generic/pgf/math/pgfmathparser.code.tex
\pgfmath@dimen=\dimen180
\pgfmath@count=\count317
\pgfmath@box=\box62
\pgfmath@toks=\toks39
\pgfmath@stack@operand=\toks40
\pgfmath@stack@operation=\toks41
)
(c:/texlive/texmf-local/tex/generic/pgf/math/pgfmathfunctions.code.tex)
(c:/texlive/texmf-local/tex/generic/pgf/math/pgfmathfunctions.basic.code.tex)
(c:/texlive/texmf-local/tex/generic/pgf/math/pgfmathfunctions.trigonometric.cod
e.tex)
(c:/texlive/texmf-local/tex/generic/pgf/math/pgfmathfunctions.random.code.tex)
(c:/texlive/texmf-local/tex/generic/pgf/math/pgfmathfunctions.comparison.code.t
ex) (c:/texlive/texmf-local/tex/generic/pgf/math/pgfmathfunctions.base.code.tex
) (c:/texlive/texmf-local/tex/generic/pgf/math/pgfmathfunctions.round.code.tex)
(c:/texlive/texmf-local/tex/generic/pgf/math/pgfmathfunctions.misc.code.tex)
(c:/texlive/texmf-local/tex/generic/pgf/math/pgfmathfunctions.integerarithmetic
s.code.tex) (c:/texlive/texmf-local/tex/generic/pgf/math/pgfmathcalc.code.tex)
(c:/texlive/texmf-local/tex/generic/pgf/math/pgfmathfloat.code.tex
\c@pgfmathroundto@lastzeros=\count318
))
(c:/texlive/texmf-local/tex/generic/pgf/math/pgfint.code.tex)
(c:/texlive/texmf-local/tex/generic/pgf/basiclayer/pgfcorepoints.code.tex
File: pgfcorepoints.code.tex 2023-01-15 v3.1.10 (3.1.10)
\pgf@picminx=\dimen181
\pgf@picmaxx=\dimen182
\pgf@picminy=\dimen183
\pgf@picmaxy=\dimen184
\pgf@pathminx=\dimen185
\pgf@pathmaxx=\dimen186
\pgf@pathminy=\dimen187
\pgf@pathmaxy=\dimen188
\pgf@xx=\dimen189
\pgf@xy=\dimen190
\pgf@yx=\dimen191
\pgf@yy=\dimen192
\pgf@zx=\dimen193
\pgf@zy=\dimen194
)
(c:/texlive/texmf-local/tex/generic/pgf/basiclayer/pgfcorepathconstruct.code.te
x
File: pgfcorepathconstruct.code.tex 2023-01-15 v3.1.10 (3.1.10)
\pgf@path@lastx=\dimen195
\pgf@path@lasty=\dimen196
) (c:/texlive/texmf-local/tex/generic/pgf/basiclayer/pgfcorepathusage.code.tex
File: pgfcorepathusage.code.tex 2023-01-15 v3.1.10 (3.1.10)
\pgf@shorten@end@additional=\dimen197
\pgf@shorten@start@additional=\dimen198
) (c:/texlive/texmf-local/tex/generic/pgf/basiclayer/pgfcorescopes.code.tex
File: pgfcorescopes.code.tex 2023-01-15 v3.1.10 (3.1.10)
\pgfpic=\box63
\pgf@hbox=\box64
\pgf@layerbox@main=\box65
\pgf@picture@serial@count=\count319
)
(c:/texlive/texmf-local/tex/generic/pgf/basiclayer/pgfcoregraphicstate.code.tex
File: pgfcoregraphicstate.code.tex 2023-01-15 v3.1.10 (3.1.10)
\pgflinewidth=\dimen199
)
(c:/texlive/texmf-local/tex/generic/pgf/basiclayer/pgfcoretransformations.code.
tex
File: pgfcoretransformations.code.tex 2023-01-15 v3.1.10 (3.1.10)
\pgf@pt@x=\dimen256
\pgf@pt@y=\dimen257
\pgf@pt@temp=\dimen258
) (c:/texlive/texmf-local/tex/generic/pgf/basiclayer/pgfcorequick.code.tex
File: pgfcorequick.code.tex 2023-01-15 v3.1.10 (3.1.10)
)
(c:/texlive/texmf-local/tex/generic/pgf/basiclayer/pgfcoreobjects.code.tex
File: pgfcoreobjects.code.tex 2023-01-15 v3.1.10 (3.1.10)
)
(c:/texlive/texmf-local/tex/generic/pgf/basiclayer/pgfcorepathprocessing.code.t
ex
File: pgfcorepathprocessing.code.tex 2023-01-15 v3.1.10 (3.1.10)
) (c:/texlive/texmf-local/tex/generic/pgf/basiclayer/pgfcorearrows.code.tex
File: pgfcorearrows.code.tex 2023-01-15 v3.1.10 (3.1.10)
\pgfarrowsep=\dimen259
)
(c:/texlive/texmf-local/tex/generic/pgf/basiclayer/pgfcoreshade.code.tex
File: pgfcoreshade.code.tex 2023-01-15 v3.1.10 (3.1.10)
\pgf@max=\dimen260
\pgf@sys@shading@range@num=\count320
\pgf@shadingcount=\count321
)
(c:/texlive/texmf-local/tex/generic/pgf/basiclayer/pgfcoreimage.code.tex
File: pgfcoreimage.code.tex 2023-01-15 v3.1.10 (3.1.10)
)
(c:/texlive/texmf-local/tex/generic/pgf/basiclayer/pgfcoreexternal.code.tex
File: pgfcoreexternal.code.tex 2023-01-15 v3.1.10 (3.1.10)
\pgfexternal@startupbox=\box66
)
(c:/texlive/texmf-local/tex/generic/pgf/basiclayer/pgfcorelayers.code.tex
File: pgfcorelayers.code.tex 2023-01-15 v3.1.10 (3.1.10)
)
(c:/texlive/texmf-local/tex/generic/pgf/basiclayer/pgfcoretransparency.code.tex
File: pgfcoretransparency.code.tex 2023-01-15 v3.1.10 (3.1.10)
) (c:/texlive/texmf-local/tex/generic/pgf/basiclayer/pgfcorepatterns.code.tex
File: pgfcorepatterns.code.tex 2023-01-15 v3.1.10 (3.1.10)
)
(c:/texlive/texmf-local/tex/generic/pgf/basiclayer/pgfcorerdf.code.tex
File: pgfcorerdf.code.tex 2023-01-15 v3.1.10 (3.1.10)
)))
(c:/texlive/texmf-local/tex/generic/pgf/modules/pgfmoduleshapes.code.tex
File: pgfmoduleshapes.code.tex 2023-01-15 v3.1.10 (3.1.10)
\pgfnodeparttextbox=\box67
)
(c:/texlive/texmf-local/tex/generic/pgf/modules/pgfmoduleplot.code.tex
File: pgfmoduleplot.code.tex 2023-01-15 v3.1.10 (3.1.10)
)
(c:/texlive/texmf-local/tex/latex/pgf/compatibility/pgfcomp-version-0-65.sty
Package: pgfcomp-version-0-65 2023-01-15 v3.1.10 (3.1.10)
\pgf@nodesepstart=\dimen261
\pgf@nodesepend=\dimen262
)
(c:/texlive/texmf-local/tex/latex/pgf/compatibility/pgfcomp-version-1-18.sty
Package: pgfcomp-version-1-18 2023-01-15 v3.1.10 (3.1.10)
))
(c:/texlive/texmf-local/tex/latex/tools/longtable.sty
Package: longtable 2021-09-01 v4.17 Multi-page Table package (DPC)
\LTleft=\skip80
\LTright=\skip81
\LTpre=\skip82
\LTpost=\skip83
\LTchunksize=\count322
\LTcapwidth=\dimen263
\LT@head=\box68
\LT@firsthead=\box69
\LT@foot=\box70
\LT@lastfoot=\box71
\LT@gbox=\box72
\LT@cols=\count323
\LT@rows=\count324
\c@LT@tables=\count325
\c@LT@chunks=\count326
\LT@p@ftn=\toks42
)
Class scrbook Info: longtable captions redefined on input line 41.

(c:/texlive/texmf-local/tex/latex/upquote/upquote.sty
Package: upquote 2012/04/19 v1.3 upright-quote and grave-accent glyphs in verba
tim
)
(c:/texlive/texmf-local/tex/latex/local/yliow/download/tobiShell.sty
Package: tobiShell 2004/04/12 This is tobiShell.sty. v1:2003/11/25
\tobiShellFile=\write6
)
(c:/texlive/texmf-local/tex/latex/pgf/frontendlayer/tikz.sty
(c:/texlive/texmf-local/tex/latex/pgf/utilities/pgffor.sty
(c:/texlive/texmf-local/tex/latex/pgf/utilities/pgfkeys.sty
(c:/texlive/texmf-local/tex/generic/pgf/utilities/pgfkeys.code.tex))
(c:/texlive/texmf-local/tex/latex/pgf/math/pgfmath.sty
(c:/texlive/texmf-local/tex/generic/pgf/math/pgfmath.code.tex))
(c:/texlive/texmf-local/tex/generic/pgf/utilities/pgffor.code.tex
Package: pgffor 2023-01-15 v3.1.10 (3.1.10)
\pgffor@iter=\dimen264
\pgffor@skip=\dimen265
\pgffor@stack=\toks43
\pgffor@toks=\toks44
))
(c:/texlive/texmf-local/tex/generic/pgf/frontendlayer/tikz/tikz.code.tex
Package: tikz 2023-01-15 v3.1.10 (3.1.10)

(c:/texlive/texmf-local/tex/generic/pgf/libraries/pgflibraryplothandlers.code.t
ex
File: pgflibraryplothandlers.code.tex 2023-01-15 v3.1.10 (3.1.10)
\pgf@plot@mark@count=\count327
\pgfplotmarksize=\dimen266
)
\tikz@lastx=\dimen267
\tikz@lasty=\dimen268
\tikz@lastxsaved=\dimen269
\tikz@lastysaved=\dimen270
\tikz@lastmovetox=\dimen271
\tikz@lastmovetoy=\dimen272
\tikzleveldistance=\dimen273
\tikzsiblingdistance=\dimen274
\tikz@figbox=\box73
\tikz@figbox@bg=\box74
\tikz@tempbox=\box75
\tikz@tempbox@bg=\box76
\tikztreelevel=\count328
\tikznumberofchildren=\count329
\tikznumberofcurrentchild=\count330
\tikz@fig@count=\count331
 (c:/texlive/texmf-local/tex/generic/pgf/modules/pgfmodulematrix.code.tex
File: pgfmodulematrix.code.tex 2023-01-15 v3.1.10 (3.1.10)
\pgfmatrixcurrentrow=\count332
\pgfmatrixcurrentcolumn=\count333
\pgf@matrix@numberofcolumns=\count334
)
\tikz@expandcount=\count335

(c:/texlive/texmf-local/tex/generic/pgf/frontendlayer/tikz/libraries/tikzlibrar
ytopaths.code.tex
File: tikzlibrarytopaths.code.tex 2023-01-15 v3.1.10 (3.1.10)
)))
(c:/texlive/texmf-local/tex/generic/pgf/frontendlayer/tikz/libraries/tikzlibrar
yautomata.code.tex
File: tikzlibraryautomata.code.tex 2023-01-15 v3.1.10 (3.1.10)

(c:/texlive/texmf-local/tex/generic/pgf/frontendlayer/tikz/libraries/tikzlibrar
yshapes.multipart.code.tex
File: tikzlibraryshapes.multipart.code.tex 2023-01-15 v3.1.10 (3.1.10)

(c:/texlive/texmf-local/tex/generic/pgf/libraries/shapes/pgflibraryshapes.multi
part.code.tex
File: pgflibraryshapes.multipart.code.tex 2023-01-15 v3.1.10 (3.1.10)
\pgfnodepartlowerbox=\box77
\pgfnodeparttwobox=\box78
\pgfnodepartthreebox=\box79
\pgfnodepartfourbox=\box80
\pgfnodeparttwentybox=\box81
\pgfnodepartnineteenbox=\box82
\pgfnodeparteighteenbox=\box83
\pgfnodepartseventeenbox=\box84
\pgfnodepartsixteenbox=\box85
\pgfnodepartfifteenbox=\box86
\pgfnodepartfourteenbox=\box87
\pgfnodepartthirteenbox=\box88
\pgfnodeparttwelvebox=\box89
\pgfnodepartelevenbox=\box90
\pgfnodeparttenbox=\box91
\pgfnodepartninebox=\box92
\pgfnodeparteightbox=\box93
\pgfnodepartsevenbox=\box94
\pgfnodepartsixbox=\box95
\pgfnodepartfivebox=\box96
)))
(c:/texlive/texmf-local/tex/generic/pgf/frontendlayer/tikz/libraries/tikzlibrar
yarrows.code.tex
File: tikzlibraryarrows.code.tex 2023-01-15 v3.1.10 (3.1.10)

(c:/texlive/texmf-local/tex/generic/pgf/libraries/pgflibraryarrows.code.tex
File: pgflibraryarrows.code.tex 2023-01-15 v3.1.10 (3.1.10)
\arrowsize=\dimen275
))
(c:/texlive/texmf-local/tex/latex/pgf/compatibility/pgfarrows.sty
Package: pgfarrows 2023-01-15 v3.1.10 (3.1.10)


Package pgfarrows Warning: This package is obsolete. pgf.sty will load arrow ma
nagement automatically on input line 17.

) (c:/texlive/texmf-local/tex/latex/pgf/compatibility/pgfnodes.sty
Package: pgfnodes 2023-01-15 v3.1.10 (3.1.10)


Package pgfnodes Warning: This package is obsolete. pgf.sty will load node mana
gement automatically on input line 17.

)
(c:/texlive/texmf-local/tex/latex/local/yliow/download/pgfplots/tex/latex/pgfpl
ots/pgfplots.sty
(c:/texlive/texmf-local/tex/latex/local/yliow/download/pgfplots/tex/generic/pgf
plots/pgfplots.revision.tex)
Package: pgfplots 2010/07/14 Version 1.4.1 (git show 1.4.1-1-g64c9e95 )

(c:/texlive/texmf-local/tex/latex/local/yliow/download/pgfplots/tex/generic/pgf
plots/pgfplots.code.tex
(c:/texlive/texmf-local/tex/latex/local/yliow/download/pgfplots/tex/generic/pgf
plots/pgfplotscore.code.tex
\t@pgfplots@toka=\toks45
\t@pgfplots@tokb=\toks46
\t@pgfplots@tokc=\toks47
\pgfplots@tmpa=\dimen276
\c@pgfplots@coordindex=\count336
\c@pgfplots@scanlineindex=\count337
)
(c:/texlive/texmf-local/tex/latex/local/yliow/download/pgfplots/tex/generic/pgf
plots/libs/pgfplotslibrary.code.tex)
(c:/texlive/texmf-local/tex/latex/local/yliow/download/pgfplots/tex/generic/pgf
plots/oldpgfcompatib/pgfplotsoldpgfsupp_loader.code.tex
(c:/texlive/texmf-local/tex/generic/pgf/libraries/pgflibraryfpu.code.tex))
(c:/texlive/texmf-local/tex/latex/local/yliow/download/pgfplots/tex/generic/pgf
plots/util/pgfplotsutil.code.tex
(c:/texlive/texmf-local/tex/latex/local/yliow/download/pgfplots/tex/generic/pgf
plots/liststructure/pgfplotsliststructure.code.tex)
(c:/texlive/texmf-local/tex/latex/local/yliow/download/pgfplots/tex/generic/pgf
plots/liststructure/pgfplotsliststructureext.code.tex)
(c:/texlive/texmf-local/tex/latex/local/yliow/download/pgfplots/tex/generic/pgf
plots/liststructure/pgfplotsarray.code.tex
\c@pgfplotsarray@tmp=\count338
)
(c:/texlive/texmf-local/tex/latex/local/yliow/download/pgfplots/tex/generic/pgf
plots/numtable/pgfplotstableshared.code.tex
\c@pgfplotstable@counta=\count339
\t@pgfplotstable@a=\toks48
\pgfplotstable@outfile=\write7
)
(c:/texlive/texmf-local/tex/latex/local/yliow/download/pgfplots/tex/generic/pgf
plots/liststructure/pgfplotsdeque.code.tex)
(c:/texlive/texmf-local/tex/latex/local/yliow/download/pgfplots/tex/generic/pgf
plots/util/pgfplotsbinary.code.tex)
(c:/texlive/texmf-local/tex/latex/local/yliow/download/pgfplots/tex/generic/pgf
plots/libs/pgflibrarypgfplots.surfshading.code.tex
(c:/texlive/texmf-local/tex/latex/local/yliow/download/pgfplots/tex/generic/pgf
plots/sys/pgflibrarypgfplots.surfshading.pgfsys-pdftex.def)))
(c:/texlive/texmf-local/tex/latex/local/yliow/download/pgfplots/tex/generic/pgf
plots/util/pgfplotscolormap.code.tex)
(c:/texlive/texmf-local/tex/latex/local/yliow/download/pgfplots/tex/generic/pgf
plots/pgfplotsstackedplots.code.tex)
(c:/texlive/texmf-local/tex/latex/local/yliow/download/pgfplots/tex/generic/pgf
plots/pgfplotscoordprocessing.code.tex)
(c:/texlive/texmf-local/tex/latex/local/yliow/download/pgfplots/tex/generic/pgf
plots/pgfplotsticks.code.tex)
(c:/texlive/texmf-local/tex/generic/pgf/frontendlayer/tikz/libraries/tikzlibrar
ydecorations.code.tex
(c:/texlive/texmf-local/tex/generic/pgf/modules/pgfmoduledecorations.code.tex
\pgfdecoratedcompleteddistance=\dimen277
\pgfdecoratedremainingdistance=\dimen278
\pgfdecoratedinputsegmentcompleteddistance=\dimen279
\pgfdecoratedinputsegmentremainingdistance=\dimen280
\pgf@decorate@distancetomove=\dimen281
\pgf@decorate@repeatstate=\count340
\pgfdecorationsegmentamplitude=\dimen282
\pgfdecorationsegmentlength=\dimen283
)
\tikz@lib@dec@box=\box97
)
(c:/texlive/texmf-local/tex/generic/pgf/frontendlayer/tikz/libraries/tikzlibrar
ydecorations.pathmorphing.code.tex
(c:/texlive/texmf-local/tex/generic/pgf/libraries/decorations/pgflibrarydecorat
ions.pathmorphing.code.tex))
(c:/texlive/texmf-local/tex/generic/pgf/frontendlayer/tikz/libraries/tikzlibrar
ydecorations.pathreplacing.code.tex
(c:/texlive/texmf-local/tex/generic/pgf/libraries/decorations/pgflibrarydecorat
ions.pathreplacing.code.tex))
\pgfplots@numplots=\count341
\pgfplots@xmin@reg=\dimen284
\pgfplots@xmax@reg=\dimen285
\pgfplots@ymin@reg=\dimen286
\pgfplots@ymax@reg=\dimen287
\pgfplots@zmin@reg=\dimen288
\pgfplots@zmax@reg=\dimen289
)
(c:/texlive/texmf-local/tex/generic/pgf/frontendlayer/tikz/libraries/tikzlibrar
yplotmarks.code.tex
File: tikzlibraryplotmarks.code.tex 2023-01-15 v3.1.10 (3.1.10)

(c:/texlive/texmf-local/tex/generic/pgf/libraries/pgflibraryplotmarks.code.tex
File: pgflibraryplotmarks.code.tex 2023-01-15 v3.1.10 (3.1.10)
)))
(c:/texlive/texmf-local/tex/latex/local/yliow/download/circuitikz/tex/latex/cir
cuitikz/circuitikz.sty
Package: circuitikz 2009/11/18 The CircuiTikz circuit drawing package version 0
.2.3

(c:/texlive/texmf-local/tex/generic/pgf/frontendlayer/tikz/libraries/tikzlibrar
ycalc.code.tex
File: tikzlibrarycalc.code.tex 2023-01-15 v3.1.10 (3.1.10)
)
(c:/texlive/texmf-local/tex/latex/local/yliow/download/circuitikz/tex/latex/cir
cuitikz/circuitikz.code.tex
\pgf@circ@Rlen=\dimen290

(c:/texlive/texmf-local/tex/latex/local/yliow/download/circuitikz/tex/latex/cir
cuitikz/pgfcircutils.sty)
(c:/texlive/texmf-local/tex/latex/local/yliow/download/circuitikz/tex/latex/cir
cuitikz/pgfcircmath.sty)
(c:/texlive/texmf-local/tex/latex/local/yliow/download/circuitikz/tex/latex/cir
cuitikz/pgfcircshapes.sty)
(c:/texlive/texmf-local/tex/latex/local/yliow/download/circuitikz/tex/latex/cir
cuitikz/pgfcircmonopoles.sty)
(c:/texlive/texmf-local/tex/latex/local/yliow/download/circuitikz/tex/latex/cir
cuitikz/pgfcircbipoles.sty)
(c:/texlive/texmf-local/tex/latex/local/yliow/download/circuitikz/tex/latex/cir
cuitikz/pgfcirctripoles.sty)
(c:/texlive/texmf-local/tex/latex/local/yliow/download/circuitikz/tex/latex/cir
cuitikz/pgfcircquadpoles.sty)
(c:/texlive/texmf-local/tex/latex/local/yliow/download/circuitikz/tex/latex/cir
cuitikz/pgfcirclabel.sty)
(c:/texlive/texmf-local/tex/latex/local/yliow/download/circuitikz/tex/latex/cir
cuitikz/pgfcircvoltage.sty)
(c:/texlive/texmf-local/tex/latex/local/yliow/download/circuitikz/tex/latex/cir
cuitikz/pgfcirccurrent.sty))
(c:/texlive/texmf-local/tex/latex/local/yliow/download/circuitikz/tex/latex/cir
cuitikz/circuitikz1.code.tex
\pgf@circ@res@up=\dimen291
\pgf@circ@res@down=\dimen292
\pgf@circ@res@zero=\dimen293
\pgf@circ@res@left=\dimen294
\pgf@circ@res@right=\dimen295
\pgf@circ@res@other=\dimen296
\pgf@circ@res@step=\dimen297
\pgfstartlinewidth=\dimen298
))
(c:/texlive/texmf-local/tex/generic/pgf/frontendlayer/tikz/libraries/circuits/t
ikzlibrarycircuits.code.tex
(c:/texlive/texmf-local/tex/generic/pgf/frontendlayer/tikz/libraries/tikzlibrar
ydecorations.markings.code.tex
(c:/texlive/texmf-local/tex/generic/pgf/libraries/decorations/pgflibrarydecorat
ions.markings.code.tex))
\tikz@lib@circ@count=\count342
\tikzcircuitssizeunit=\dimen299
)
(c:/texlive/texmf-local/tex/generic/pgf/frontendlayer/tikz/libraries/circuits/t
ikzlibrarycircuits.logic.US.code.tex
(c:/texlive/texmf-local/tex/generic/pgf/frontendlayer/tikz/libraries/circuits/t
ikzlibrarycircuits.logic.code.tex)
(c:/texlive/texmf-local/tex/generic/pgf/libraries/shapes/circuits/pgflibrarysha
pes.gates.logic.US.code.tex
(c:/texlive/texmf-local/tex/generic/pgf/libraries/shapes/circuits/pgflibrarysha
pes.gates.logic.code.tex)))
(c:/texlive/texmf-local/tex/generic/pgf/frontendlayer/tikz/libraries/tikzlibrar
yshapes.geometric.code.tex
File: tikzlibraryshapes.geometric.code.tex 2023-01-15 v3.1.10 (3.1.10)

(c:/texlive/texmf-local/tex/generic/pgf/libraries/shapes/pgflibraryshapes.geome
tric.code.tex
File: pgflibraryshapes.geometric.code.tex 2023-01-15 v3.1.10 (3.1.10)
))
(c:/texlive/texmf-local/tex/latex/local/yliow/download/python.sty
Package: python 2007/06/07 v0.21 Python in LaTeX
\@out=\write8
\@module=\write9
)
(c:/texlive/texmf-local/tex/latex/graphics/lscape.sty
Package: lscape 2020/05/28 v3.02 Landscape Pages (DPC)
)
(c:/texlive/texmf-local/tex/latex/mathpartir/mathpartir.sty
Package: mathpartir 2016/02/24 version 1.3.2 Math Paragraph for Typesetting Inf
erence Rules
\mpr@andskip=\skip84
\mpr@lista=\toks49
\mpr@listb=\toks50
\mpr@hlist=\box98
\mpr@vlist=\box99
\mpr@right=\box100
)
(c:/texlive/texmf-local/tex/generic/ulem/ulem.sty
\UL@box=\box101
\UL@hyphenbox=\box102
\UL@skip=\skip85
\UL@hook=\toks51
\UL@height=\dimen300
\UL@pe=\count343
\UL@pixel=\dimen301
\ULC@box=\box103
Package: ulem 2019/11/18
\ULdepth=\dimen302
)
(c:/texlive/texmf-local/tex/latex/cancel/cancel.sty
Package: cancel 2013/04/12 v2.2 Cancel math terms
)
(c:/texlive/texmf-local/tex/latex/comment/comment.sty
\CommentStream=\write10

Excluding comment 'comment')
(c:/texlive/texmf-local/tex/latex/oberdiek/centernot.sty
Package: centernot 2016/05/16 v1.4 Centers the not symbol horizontally (HO)
)
(c:/texlive/texmf-local/tex/generic/mleftright/mleftright.sty
Package: mleftright 2019/12/03 v1.2 Math left/right delim. as open/close (HO)
)
(c:/texlive/texmf-local/tex/latex/tikz-cd/tikz-cd.sty
Package: tikz-cd 2021/05/04 v1.0 Commutative diagrams with TikZ

(c:/texlive/texmf-local/tex/generic/tikz-cd/tikzlibrarycd.code.tex
(c:/texlive/texmf-local/tex/generic/pgf/frontendlayer/tikz/libraries/tikzlibrar
ymatrix.code.tex
File: tikzlibrarymatrix.code.tex 2023-01-15 v3.1.10 (3.1.10)
)
(c:/texlive/texmf-local/tex/generic/pgf/frontendlayer/tikz/libraries/tikzlibrar
yquotes.code.tex
File: tikzlibraryquotes.code.tex 2023-01-15 v3.1.10 (3.1.10)
)
(c:/texlive/texmf-local/tex/generic/pgf/libraries/pgflibraryarrows.meta.code.te
x
File: pgflibraryarrows.meta.code.tex 2023-01-15 v3.1.10 (3.1.10)
\pgfarrowinset=\dimen303
\pgfarrowlength=\dimen304
\pgfarrowwidth=\dimen305
\pgfarrowlinewidth=\dimen306
))) (c:/texlive/texmf-local/tex/latex/currfile/currfile.sty
Package: currfile 2022/10/10 v0.8 Provides the file path elements of the curren
t input file

(c:/texlive/texmf-local/tex/latex/filehook/filehook.sty
Package: filehook 2022/10/25 v0.8b Hooks for input files

(c:/texlive/texmf-local/tex/latex/filehook/filehook-2020.sty
Package: filehook-2020 2022/10/25 v0.8b Hooks for input files
))
\c@currfiledepth=\count344
)
(c:/texlive/texmf-local/tex/latex/pythontex/pythontex.sty
Package: pythontex 2021/06/06 v0.18 execute and typeset Python code and other l
anguages

(c:/texlive/texmf-local/tex/latex/fvextra/fvextra.sty
Package: fvextra 2022/11/30 v1.5 fvextra - extensions and patches for fancyvrb

(c:/texlive/texmf-local/tex/latex/lineno/lineno.sty
Package: lineno 2023/01/19 line numbers on paragraphs v5.1
\linenopenalty=\count345
\output=\toks52
\linenoprevgraf=\count346
\linenumbersep=\dimen307
\linenumberwidth=\dimen308
\c@linenumber=\count347
\c@pagewiselinenumber=\count348
\c@LN@truepage=\count349
\c@internallinenumber=\count350
\c@internallinenumbers=\count351
\quotelinenumbersep=\dimen309
\bframerule=\dimen310
\bframesep=\dimen311
\bframebox=\box104
\linenoamsmath@ams@eqpen=\count352
LaTeX Info: Redefining \\ on input line 3131.
)
\c@FV@TrueTabGroupLevel=\count353
\c@FV@TrueTabCounter=\count354
\FV@TabBox@Group=\box105
\FV@TmpLength=\skip86
\c@FV@HighlightLinesStart=\count355
\c@FV@HighlightLinesStop=\count356
\FV@LoopCount=\count357
\FV@NCharsBox=\box106
\FV@BreakIndent=\dimen312
\FV@BreakIndentNChars=\count358
\FV@BreakSymbolSepLeft=\dimen313
\FV@BreakSymbolSepLeftNChars=\count359
\FV@BreakSymbolSepRight=\dimen314
\FV@BreakSymbolSepRightNChars=\count360
\FV@BreakSymbolIndentLeft=\dimen315
\FV@BreakSymbolIndentLeftNChars=\count361
\FV@BreakSymbolIndentRight=\dimen316
\FV@BreakSymbolIndentRightNChars=\count362
\c@FancyVerbLineBreakLast=\count363
\FV@LineBox=\box107
\FV@LineIndentBox=\box108
\c@FV@BreakBufferDepth=\count364
\FV@LineWidth=\dimen317
)
(c:/texlive/texmf-local/tex/generic/xstring/xstring.sty
(c:/texlive/texmf-local/tex/generic/xstring/xstring.tex
\integerpart=\count365
\decimalpart=\count366
)
Package: xstring 2023/01/14 v1.85 String manipulations (CT)
)
(c:/texlive/texmf-local/tex/latex/pgfopts/pgfopts.sty
Package: pgfopts 2014/07/10 v2.1a LaTeX package options with pgfkeys
\pgfopts@list@add@a@toks=\toks53
\pgfopts@list@add@b@toks=\toks54
)
(c:/texlive/texmf-local/tex/latex/newfloat/newfloat.sty
Package: newfloat 2019/09/02 v1.1l Defining new floating environments (AR)
)
\pytx@codefile=\write11
\openout11 = `main.pytxcode'.

\c@pytx@FancyVerbLineTemp=\count367
\c@pytx@py@default@default=\count368
\c@pytx@pycon@default@default=\count369
\c@pytx@sympy@default@default=\count370
\c@pytx@sympycon@default@default=\count371
\c@pytx@pylab@default@default=\count372
\c@pytx@pylabcon@default@default=\count373
)) (./mymath.sty)
\c@cor=\count374
\c@prop=\count375
\c@lem=\count376
\c@thm=\count377
\c@defn=\count378
\c@eg=\count379
\c@ex=\count380
\c@soln=\count381
\c@qn=\count382
\c@conjecture=\count383
\c@axiom=\count384
\c@notation=\count385
\c@warning=\count386
\c@rem=\count387

(c:/texlive/texmf-local/tex/latex/koma-script/scrlayer-scrpage.sty
Package: scrlayer-scrpage 2022/10/12 v3.38 KOMA-Script package (end user interf
ace for scrlayer)

(c:/texlive/texmf-local/tex/latex/koma-script/scrlayer.sty
Package: scrlayer 2022/10/12 v3.38 KOMA-Script package (defining layers and pag
e styles)
Package scrlayer Info: patching LaTeX kernel macro \pagestyle on input line 217
6.
)
Package scrlayer-scrpage Info: Makeing stand-alone element `pagehead' from
(scrlayer-scrpage)             alias to `pageheadfoot' on input line 1089.
)
1: section
1: chapter
1: chapter
1: section
(./headerfooter.tex

Package scrlayer-scrpage Warning: replacing deprecated \clearscrheadfoot by
(scrlayer-scrpage)                \clearpairofpagestyles on input line 12.

) (./myverbatim.tex
(c:/texlive/texmf-local/tex/latex/local/yliow/download/atbeginend.sty))
(./mylist.tex
\c@myenum@i=\count388
\enitdp@myenum@=\count389
) (./myhyperref.tex

Package hyperref Warning: Option `bookmarks' has already been used,
(hyperref)                setting the option has no effect on input line 25.

Package hyperref Info: Option `unicode' set `false' on input line 25.
Package hyperref Info: Option `pdftoolbar' set `true' on input line 25.
Package hyperref Info: Option `pdfmenubar' set `true' on input line 25.
Package hyperref Info: Option `pdffitwindow' set `false' on input line 25.
Package hyperref Info: Option `pdfnewwindow' set `true' on input line 25.
Package hyperref Info: Option `colorlinks' set `true' on input line 25.
) (./mypython.tex Special comment 'python0') (./typewriter-cmtt.tex)
\c@mylabelcounter=\count390
\c@tc=\count391
)
(c:/texlive/texmf-local/tex/latex/local/yliow/download/tocstyle.sty
Package: tocstyle 2009/11/09 v0.2d-alpha LaTeX2e KOMA-Script package (versatile
 toc styles)


Package tocstyle Warning: THIS IS AN ALPHA VERSION!
(tocstyle)                USAGE OF THIS VERSION IS ON YOUR OWN RISK!
(tocstyle)                EVERYTHING MAY HAPPEN!
(tocstyle)                EVERYTHING MAY CHANGE IN FUTURE!
(tocstyle)                THERE IS NO SUPPORT, IF YOU USE THIS PACKAGE!
(tocstyle)                Maybe it would be better, not to load this package.

\tocstyle@indentstyle=\count392
Package tocstyle Info: no tocstyle.cfg found on input line 838.
)
exclude: 
exclude: 
exclude: 
exclude: 
exclude: 
exclude: 
exclude: 
) (./fix-old-font-command.tex
LaTeX Info: Redefining \bf on input line 5.
))
(c:/texlive/texmf-local/tex/latex/local/yliow/author/yliow.tex)
(./thistitle.tex) (./thispackages.tex) (./thismacros.tex) (./main.aux)
\openout1 = `main.aux'.

LaTeX Font Info:    Checking defaults for OML/cmm/m/it on input line 14.
LaTeX Font Info:    ... okay on input line 14.
LaTeX Font Info:    Checking defaults for OMS/cmsy/m/n on input line 14.
LaTeX Font Info:    ... okay on input line 14.
LaTeX Font Info:    Checking defaults for OT1/cmr/m/n on input line 14.
LaTeX Font Info:    ... okay on input line 14.
LaTeX Font Info:    Checking defaults for T1/cmr/m/n on input line 14.
LaTeX Font Info:    ... okay on input line 14.
LaTeX Font Info:    Checking defaults for TS1/cmr/m/n on input line 14.
LaTeX Font Info:    ... okay on input line 14.
LaTeX Font Info:    Checking defaults for OMX/cmex/m/n on input line 14.
LaTeX Font Info:    ... okay on input line 14.
LaTeX Font Info:    Checking defaults for U/cmr/m/n on input line 14.
LaTeX Font Info:    ... okay on input line 14.
LaTeX Font Info:    Checking defaults for PD1/pdf/m/n on input line 14.
LaTeX Font Info:    ... okay on input line 14.
LaTeX Font Info:    Checking defaults for PU/pdf/m/n on input line 14.
LaTeX Font Info:    ... okay on input line 14.


Class scrbook Warning: Your are using a KOMA-Script version, that has not
(scrbook)              been tested with your more than one year newer
(scrbook)              LaTeX release `2024-11-01'.
(scrbook)              Because of the high speed of LaTeX kernel development,
(scrbook)              this could result in a lot of issues.
(scrbook)              Please have a look at
(scrbook)              <http://www.ctan.org/pkg/koma-script> and if this
(scrbook)              shows a newer KOMA-Script version than
(scrbook)              `2022/10/12 v3.38 KOMA-Script', we suggest to do
(scrbook)              an update of KOMA-Script or maybe even the whole
(scrbook)              TeX distribution.

Package scrbase Info: activating english \partname on input line 14.
Package scrbase Info: activating english \chaptername on input line 14.
Package scrbase Info: activating english \appendixname on input line 14.
Package scrbase Info: activating english \figurename on input line 14.
Package scrbase Info: activating english \tablename on input line 14.
Package scrbase Info: activating english \contentsname on input line 14.
Package scrbase Info: activating english \listfigurename on input line 14.
Package scrbase Info: activating english \listtablename on input line 14.
Package scrbase Info: activating english \bibname on input line 14.
Package scrbase Info: activating english \indexname on input line 14.
Couldn't patch \deferred@thm@head!
Package hyperref Info: Link coloring ON on input line 14.
(./main.out) (./main.out)
\@outlinefile=\write12
\openout12 = `main.out'.

Class scrbook Info: loading recommended package `bookmark'.
(scrbook)           Using `bookmark' together with `hyperref' is recommended,
(scrbook)           because of handling of possible bookmark level gaps.
(scrbook)           You can avoid loading `bookmark' with KOMA-Script option
(scrbook)           `bookmarkpackage=false' before \begin{document} and
(scrbook)           you can avoid this message adding:
(scrbook)             \usepackage{bookmark}
(scrbook)           before \begin{document} on input line 14.

(c:/texlive/texmf-local/tex/latex/bookmark/bookmark.sty
Package: bookmark 2020-11-06 v1.29 PDF bookmarks (HO)

(c:/texlive/texmf-local/tex/latex/bookmark/bkm-pdftex.def
File: bkm-pdftex.def 2020-11-06 v1.29 bookmark driver for pdfTeX (HO)
\BKM@id=\count393
))
(c:/texlive/texmf-local/tex/context/base/mkii/supp-pdf.mkii
[Loading MPS to PDF converter (version 2006.09.02).]
\scratchcounter=\count394
\scratchdimen=\dimen318
\scratchbox=\box109
\nofMPsegments=\count395
\nofMParguments=\count396
\everyMPshowfont=\toks55
\MPscratchCnt=\count397
\MPscratchDim=\dimen319
\MPnumerator=\count398
\makeMPintoPDFobject=\count399
\everyMPtoPDFconversion=\toks56
) (c:/texlive/texmf-local/tex/latex/epstopdf-pkg/epstopdf-base.sty
Package: epstopdf-base 2020-01-24 v2.11 Base part for package epstopdf
Package epstopdf-base Info: Redefining graphics rule for `.eps' on input line 4
85.

(c:/texlive/texmf-local/tex/latex/latexconfig/epstopdf-sys.cfg
File: epstopdf-sys.cfg 2010/07/13 v1.3 Configuration of (r)epstopdf for TeX Liv
e
))
(./pythontex-files-main/main.pytxmcr)
Package newfloat Info: New float `listing' with options `fileext=lopytx' on inp
ut line 14.
\c@listing=\count400
\newfloat@ftype=\count401
Package newfloat Info: float type `listing'=8 on input line 14.
Package tocbasic Info: omitting babel extension for `lopytx'
(tocbasic)             because of missing \bbl@set@language on input line 14.
Package tocstyle Info: prepare \l@part for redefinition on input line 14.
Package tocstyle Info: prepare \l@chapter for redefinition on input line 14.
Package tocstyle Info: prepare \l@section for redefinition on input line 14.
LaTeX Font Info:    Trying to load font information for U+msa on input line 14.


(c:/texlive/texmf-local/tex/latex/amsfonts/umsa.fd
File: umsa.fd 2013/01/14 v3.01 AMS symbols A
)
LaTeX Font Info:    Trying to load font information for U+msb on input line 14.


(c:/texlive/texmf-local/tex/latex/amsfonts/umsb.fd
File: umsb.fd 2013/01/14 v3.01 AMS symbols B
)
Package tocstyle Info: prepare \l@subsection for redefinition on input line 14.

Package tocstyle Info: prepare \l@table for redefinition on input line 14.
Package tocstyle Info: prepare \l@figure for redefinition on input line 14.


Package tocstyle Warning: unexpected \@dottedtocline definition!
(tocstyle)                You are either using an unknown LaTeX kernel
(tocstyle)                version, an unknown class or package, that redefines
(tocstyle)                \@dottedtocline, or a \@dottedtocline redefinition
(tocstyle)                at the document preamble.
(tocstyle)                Because of this you may get unexpected results!
(tocstyle)                Maybe it would be better not to use package tocstyle.


Package tocstyle Info: Unexpected definition is:
(tocstyle)             macro:#1#2#3#4#5->\ifnum #1>\c@tocdepth \else \vskip \z@
 \@plus .2\p@ {\leftskip #2\relax \rightskip \@tocrmarg \parfillskip -\rightski
p \parindent #2\relax \@afterindenttrue \interlinepenalty \@M \leavevmode \@tem
pdima #3\relax \advance \leftskip \@tempdima \null \nobreak \hskip -\leftskip {
#4}\nobreak \leaders \hbox {$\m@th \mkern \@dotsep mu\hbox {.}\mkern \@dotsep m
u$}\hfill \nobreak \hb@xt@ \@pnumwidth {\hfil \normalfont \normalcolor #5\kern 
-\p@ \kern \p@ }\par }\fi  on input line 14.
(./pythontex-files-main/main.pytxpyg) (./myhyperref.tex

Package hyperref Warning: Option `bookmarks' has already been used,
(hyperref)                setting the option has no effect on input line 25.

Package hyperref Info: Option `unicode' set `false' on input line 25.

Package hyperref Warning: Option `pdftoolbar' has already been used,
(hyperref)                setting the option has no effect on input line 25.


Package hyperref Warning: Option `pdfmenubar' has already been used,
(hyperref)                setting the option has no effect on input line 25.


Package hyperref Warning: Option `pdffitwindow' has already been used,
(hyperref)                setting the option has no effect on input line 25.


Package hyperref Warning: Option `pdfstartview' has already been used,
(hyperref)                setting the option has no effect on input line 25.

Package hyperref Info: Option `pdfnewwindow' set `true' on input line 25.

Package hyperref Warning: Option `colorlinks' has already been used,
(hyperref)                setting the option has no effect on input line 25.

)

LaTeX Font Warning: Font shape `OT1/cmss/bx/sc' undefined
(Font)              using `OT1/cmss/bx/n' instead on input line 15.



[1



{c:/texlive/2024/texmf-var/fonts/map/pdftex/updmap/pdftex.map}] (./main.toc)
\tf@toc=\write13
\openout13 = `main.toc'.



[2

]) (./chaps.tex (./chap-classical-ciphers.tex
chapter 1.
(./classical-cipher-instructions.tex
Overfull \hbox (95.24551pt too wide) in paragraph at lines 36--44
\OT1/cmr/m/n/12 this means the ques-tion of this ex-er-cise is stored in [][]\O
T1/cmtt/m/n/12 \input{exercises/abc/question.tex}
 []


Overfull \hbox (10.43793pt too wide) in paragraph at lines 36--44
[]\OT1/cmr/m/n/12 and the an-swer should be writ-ten in [][]\OT1/cmtt/m/n/12 \i
nput{exercises/abc/answer.tex} 
 []



[3

])


LaTeX Font Warning: Font shape `OT1/cmr/m/scsl' undefined
(Font)              using `OT1/cmr/m/sc' instead on input line 5.


LaTeX Font Warning: Font shape `OT1/cmr/m/scsl' undefined
(Font)              using `OT1/cmr/m/sc' instead on input line 5.


LaTeX Font Warning: Font shape `OT1/cmr/m/scsl' undefined
(Font)              using `OT1/cmr/m/sc' instead on input line 5.


LaTeX Warning: Reference `LastPage' on page 4 undefined on input line 5.


LaTeX Font Warning: Font shape `OT1/cmr/m/scsl' undefined
(Font)              using `OT1/cmr/m/sc' instead on input line 5.

[4]


LaTeX Font Warning: Font shape `OT1/cmr/m/scsl' undefined
(Font)              using `OT1/cmr/m/sc' instead on input line 13.


LaTeX Font Warning: Font shape `OT1/cmr/m/scsl' undefined
(Font)              using `OT1/cmr/m/sc' instead on input line 13.


LaTeX Font Warning: Font shape `OT1/cmr/m/scsl' undefined
(Font)              using `OT1/cmr/m/sc' instead on input line 13.


LaTeX Warning: Reference `LastPage' on page 5 undefined on input line 13.


LaTeX Font Warning: Font shape `OT1/cmr/m/scsl' undefined
(Font)              using `OT1/cmr/m/sc' instead on input line 13.

[5] (./classical-cipher-shift-cipher.tex (./solutions.tex)
Processing 'python0' comment.
\openout10 = `comment.cut'.

 Comment 'python0' writing to comment.cut.
runsystem(python comment.cut > comment.out 2> comment.err)...executed.

Package marginnote Info: Margin note 6.1 is on absolute page 6 on input line 32
.
Package marginnote Info: right page because not two side mode on input line 32.

Package marginnote Info: xpos seems to be 263.58136pt on input line 32.

Underfull \hbox (badness 10000) in paragraph at lines 34--48

 []




LaTeX Font Warning: Font shape `OT1/cmr/m/scsl' undefined
(Font)              using `OT1/cmr/m/sc' instead on input line 57.


LaTeX Font Warning: Font shape `OT1/cmr/m/scsl' undefined
(Font)              using `OT1/cmr/m/sc' instead on input line 57.


LaTeX Font Warning: Font shape `OT1/cmr/m/scsl' undefined
(Font)              using `OT1/cmr/m/sc' instead on input line 57.


LaTeX Warning: Reference `LastPage' on page 6 undefined on input line 57.


LaTeX Font Warning: Font shape `OT1/cmr/m/scsl' undefined
(Font)              using `OT1/cmr/m/sc' instead on input line 57.

[6]
<dino-ciphertext.jpg, id=57, 480.29437pt x 620.3175pt>
File: dino-ciphertext.jpg Graphic file (type jpg)
<use dino-ciphertext.jpg>
Package pdftex.def Info: dino-ciphertext.jpg  used on input line 62.
(pdftex.def)             Requested size: 361.34999pt x 466.7041pt.



LaTeX Font Warning: Font shape `OT1/cmr/m/scsl' undefined
(Font)              using `OT1/cmr/m/sc' instead on input line 69.


LaTeX Font Warning: Font shape `OT1/cmr/m/scsl' undefined
(Font)              using `OT1/cmr/m/sc' instead on input line 69.


LaTeX Font Warning: Font shape `OT1/cmr/m/scsl' undefined
(Font)              using `OT1/cmr/m/sc' instead on input line 69.


LaTeX Warning: Reference `LastPage' on page 7 undefined on input line 69.


LaTeX Font Warning: Font shape `OT1/cmr/m/scsl' undefined
(Font)              using `OT1/cmr/m/sc' instead on input line 69.

[7 <./dino-ciphertext.jpg>]
<dino-plaintext.jpg, id=63, 480.29437pt x 620.3175pt>
File: dino-plaintext.jpg Graphic file (type jpg)
<use dino-plaintext.jpg>
Package pdftex.def Info: dino-plaintext.jpg  used on input line 71.
(pdftex.def)             Requested size: 361.34999pt x 466.7041pt.
 (./exercises/shift-0/main.tex
(./exercises/shift-0/question.tex
Package marginnote Info: Margin note 8.1 is on absolute page 8 on input line 2.

Package marginnote Info: right page because not two side mode on input line 2.
Package marginnote Info: xpos seems to be 162.84389pt on input line 2.
)

LaTeX Warning: Hyper reference `sol:shift-0' on page 8 undefined on input line 
5.


LaTeX Warning: Reference `sol:shift-0' on page 8 undefined on input line 5.

Processing 'python0' comment.
\openout10 = `comment.cut'.

 Comment 'python0' writing to comment.cut.
runsystem(python comment.cut > comment.out 2> comment.err)...executed.

)
Package marginnote Info: Margin note 8.2 is on absolute page 8 on input line 79
.
Package marginnote Info: right page because not two side mode on input line 79.

Package marginnote Info: xpos seems to be 259.16861pt on input line 79.
Package marginnote Info: Margin note 8.3 is on absolute page 8 on input line 83
.
Package marginnote Info: right page because not two side mode on input line 83.

Package marginnote Info: xpos seems to be 308.01443pt on input line 83.
Package marginnote Info: Margin note 8.4 is on absolute page 8 on input line 85
.
Package marginnote Info: right page because not two side mode on input line 85.

Package marginnote Info: xpos seems to be 72.26999pt on input line 85.
Package marginnote Info: Margin note 8.5 is on absolute page 9 on input line 93
.
Package marginnote Info: right page because not two side mode on input line 93.

Package marginnote Info: xpos seems to be 413.8849pt on input line 93.
Package marginnote Info: Margin note 8.6 is on absolute page 9 on input line 97
.
Package marginnote Info: right page because not two side mode on input line 97.

Package marginnote Info: xpos seems to be 345.06526pt on input line 97.



LaTeX Font Warning: Font shape `OT1/cmr/m/scsl' undefined
(Font)              using `OT1/cmr/m/sc' instead on input line 99.


LaTeX Font Warning: Font shape `OT1/cmr/m/scsl' undefined
(Font)              using `OT1/cmr/m/sc' instead on input line 99.


LaTeX Font Warning: Font shape `OT1/cmr/m/scsl' undefined
(Font)              using `OT1/cmr/m/sc' instead on input line 99.


LaTeX Warning: Reference `LastPage' on page 8 undefined on input line 99.


LaTeX Font Warning: Font shape `OT1/cmr/m/scsl' undefined
(Font)              using `OT1/cmr/m/sc' instead on input line 99.

[8 <./dino-plaintext.jpg>]
Overfull \hbox (13.28699pt too wide) in paragraph at lines 100--106
[]\OT1/cmr/m/n/12 Caesar ci-pher is an ex-am-ple of a ci-pher. For Cae-sar ci-p
her $\OML/cmm/m/it/12 P \OT1/cmr/m/n/12 = \OML/cmm/m/it/12 C \OT1/cmr/m/n/12 = 
\OMS/cmsy/m/n/12 f\OML/cmm/m/it/12 a; b; c; :::; z\OMS/cmsy/m/n/12 g$\OT1/cmr/m
/n/12 .
 []

Package marginnote Info: Margin note 9.1 is on absolute page 9 on input line 11
3.
Package marginnote Info: right page because not two side mode on input line 113
.
Package marginnote Info: xpos seems to be 201.27943pt on input line 113.
Package marginnote Info: Margin note 9.2 is on absolute page 9 on input line 11
9.
Package marginnote Info: right page because not two side mode on input line 119
.
Package marginnote Info: xpos seems to be 445.16399pt on input line 119.
Package marginnote Info: Margin note 9.3 is on absolute page 9 on input line 14
2.
Package marginnote Info: right page because not two side mode on input line 142
.
Package marginnote Info: xpos seems to be 231.05426pt on input line 142.



LaTeX Font Warning: Font shape `OT1/cmr/m/scsl' undefined
(Font)              using `OT1/cmr/m/sc' instead on input line 160.


LaTeX Font Warning: Font shape `OT1/cmr/m/scsl' undefined
(Font)              using `OT1/cmr/m/sc' instead on input line 160.


LaTeX Font Warning: Font shape `OT1/cmr/m/scsl' undefined
(Font)              using `OT1/cmr/m/sc' instead on input line 160.


LaTeX Warning: Reference `LastPage' on page 9 undefined on input line 160.


LaTeX Font Warning: Font shape `OT1/cmr/m/scsl' undefined
(Font)              using `OT1/cmr/m/sc' instead on input line 160.

[9]
Package marginnote Info: Margin note 10.1 is on absolute page 10 on input line 
190.
Package marginnote Info: right page because not two side mode on input line 190
.
Package marginnote Info: xpos seems to be 286.31111pt on input line 190.
Package marginnote Info: Margin note 10.2 is on absolute page 10 on input line 
201.
Package marginnote Info: right page because not two side mode on input line 201
.
Package marginnote Info: xpos seems to be 362.92311pt on input line 201.
Package marginnote Info: Margin note 10.3 is on absolute page 10 on input line 
209.
Package marginnote Info: right page because not two side mode on input line 209
.
Package marginnote Info: xpos seems to be 307.17471pt on input line 209.
Package marginnote Info: Margin note 10.4 is on absolute page 10 on input line 
213.
Package marginnote Info: right page because not two side mode on input line 213
.
Package marginnote Info: xpos seems to be 259.04286pt on input line 213.
Package marginnote Info: Margin note 10.5 is on absolute page 11 on input line 
221.
Package marginnote Info: right page because not two side mode on input line 221
.
Package marginnote Info: xpos seems to be 375.90083pt on input line 221.
Package marginnote Info: Margin note 10.6 is on absolute page 11 on input line 
223.
Package marginnote Info: right page because not two side mode on input line 223
.
Package marginnote Info: xpos seems to be 405.15193pt on input line 223.



LaTeX Font Warning: Font shape `OT1/cmr/m/scsl' undefined
(Font)              using `OT1/cmr/m/sc' instead on input line 224.


LaTeX Font Warning: Font shape `OT1/cmr/m/scsl' undefined
(Font)              using `OT1/cmr/m/sc' instead on input line 224.


LaTeX Font Warning: Font shape `OT1/cmr/m/scsl' undefined
(Font)              using `OT1/cmr/m/sc' instead on input line 224.


LaTeX Warning: Reference `LastPage' on page 10 undefined on input line 224.


LaTeX Font Warning: Font shape `OT1/cmr/m/scsl' undefined
(Font)              using `OT1/cmr/m/sc' instead on input line 224.

[10] (./exercises/shift-1/main.tex (./exercises/shift-1/question.tex
Package marginnote Info: Margin note 11.1 is on absolute page 11 on input line 
2.
Package marginnote Info: right page because not two side mode on input line 2.
Package marginnote Info: xpos seems to be 160.25787pt on input line 2.
)

LaTeX Warning: Hyper reference `sol:shift-1' on page 11 undefined on input line
 5.


LaTeX Warning: Reference `sol:shift-1' on page 11 undefined on input line 5.

Processing 'python0' comment.
\openout10 = `comment.cut'.

 Comment 'python0' writing to comment.cut.
runsystem(python comment.cut > comment.out 2> comment.err)...executed.

)
(./exercises/shift-2/main.tex (./exercises/shift-2/question.tex
Package marginnote Info: Margin note 11.2 is on absolute page 11 on input line 
2.
Package marginnote Info: right page because not two side mode on input line 2.
Package marginnote Info: xpos seems to be 163.89034pt on input line 2.
)

LaTeX Warning: Hyper reference `sol:shift-2' on page 11 undefined on input line
 5.


LaTeX Warning: Reference `sol:shift-2' on page 11 undefined on input line 5.

Processing 'python0' comment.
\openout10 = `comment.cut'.

 Comment 'python0' writing to comment.cut.
runsystem(python comment.cut > comment.out 2> comment.err)...executed.

)


LaTeX Font Warning: Font shape `OT1/cmr/m/scsl' undefined
(Font)              using `OT1/cmr/m/sc' instead on input line 278.


LaTeX Font Warning: Font shape `OT1/cmr/m/scsl' undefined
(Font)              using `OT1/cmr/m/sc' instead on input line 278.


LaTeX Font Warning: Font shape `OT1/cmr/m/scsl' undefined
(Font)              using `OT1/cmr/m/sc' instead on input line 278.


LaTeX Warning: Reference `LastPage' on page 11 undefined on input line 278.


LaTeX Font Warning: Font shape `OT1/cmr/m/scsl' undefined
(Font)              using `OT1/cmr/m/sc' instead on input line 278.

[11]
Package marginnote Info: Margin note 12.1 is on absolute page 12 on input line 
292.
Package marginnote Info: right page because not two side mode on input line 292
.
Package marginnote Info: xpos seems to be 388.3417pt on input line 292.
Package marginnote Info: Margin note 12.2 is on absolute page 12 on input line 
321.
Package marginnote Info: right page because not two side mode on input line 321
.
Package marginnote Info: xpos seems to be 266.71971pt on input line 321.



LaTeX Font Warning: Font shape `OT1/cmr/m/scsl' undefined
(Font)              using `OT1/cmr/m/sc' instead on input line 334.


LaTeX Font Warning: Font shape `OT1/cmr/m/scsl' undefined
(Font)              using `OT1/cmr/m/sc' instead on input line 334.


LaTeX Font Warning: Font shape `OT1/cmr/m/scsl' undefined
(Font)              using `OT1/cmr/m/sc' instead on input line 334.


LaTeX Warning: Reference `LastPage' on page 12 undefined on input line 334.


LaTeX Font Warning: Font shape `OT1/cmr/m/scsl' undefined
(Font)              using `OT1/cmr/m/sc' instead on input line 334.

[12]
Package marginnote Info: Margin note 13.1 is on absolute page 13 on input line 
336.
Package marginnote Info: right page because not two side mode on input line 336
.
Package marginnote Info: xpos seems to be 422.32553pt on input line 336.
)


LaTeX Font Warning: Font shape `OT1/cmr/m/scsl' undefined
(Font)              using `OT1/cmr/m/sc' instead on input line 14.


LaTeX Font Warning: Font shape `OT1/cmr/m/scsl' undefined
(Font)              using `OT1/cmr/m/sc' instead on input line 14.


LaTeX Font Warning: Font shape `OT1/cmr/m/scsl' undefined
(Font)              using `OT1/cmr/m/sc' instead on input line 14.


LaTeX Warning: Reference `LastPage' on page 13 undefined on input line 14.


LaTeX Font Warning: Font shape `OT1/cmr/m/scsl' undefined
(Font)              using `OT1/cmr/m/sc' instead on input line 14.

[13] (./classical-cipher-modular-arithmetic.tex (./solutions.tex)
Processing 'python0' comment.
\openout10 = `comment.cut'.

 Comment 'python0' writing to comment.cut.
runsystem(python comment.cut > comment.out 2> comment.err)...executed.




LaTeX Font Warning: Font shape `OT1/cmr/m/scsl' undefined
(Font)              using `OT1/cmr/m/sc' instead on input line 75.


LaTeX Font Warning: Font shape `OT1/cmr/m/scsl' undefined
(Font)              using `OT1/cmr/m/sc' instead on input line 75.


LaTeX Font Warning: Font shape `OT1/cmr/m/scsl' undefined
(Font)              using `OT1/cmr/m/sc' instead on input line 75.


LaTeX Warning: Reference `LastPage' on page 14 undefined on input line 75.


LaTeX Font Warning: Font shape `OT1/cmr/m/scsl' undefined
(Font)              using `OT1/cmr/m/sc' instead on input line 75.

[14]
Package marginnote Info: right page because not two side mode on input line 102
.
Package marginnote Info: xpos seems to be \@mn@currxpos  on input line 102.
Package marginnote Info: right page because not two side mode on input line 111
.
Package marginnote Info: xpos seems to be \@mn@currxpos  on input line 111.

./classical-cipher-modular-arithmetic.tex:115: Missing \endcsname inserted.
<to be read again> 
                   \let 
l.115 \item $
             r \oplus s$ is in $R$ for all $r,s$ in $R$ 
Here is how much of TeX's memory you used:
 43007 strings out of 475135
 989613 string characters out of 5765589
 1770090 words of memory out of 5000000
 65128 multiletter control sequences out of 15000+600000
 570081 words of font info for 80 fonts, out of 8000000 for 9000
 36 hyphenation exceptions out of 8191
 123i,20n,139p,10669b,622s stack positions out of 10000i,1000n,20000p,200000b,200000s

./classical-cipher-modular-arithmetic.tex:115:  ==> Fatal error occurred, no ou
tput PDF file produced!
